Line 375: Class MSAdodcLib.Adodc of control Adodc1 was not a loaded control class.
Line 421: Class MSComctlLib.ListView of control ListView1 was not a loaded control class.
Line 380: The property name _ExtentX in Adodc1 is invalid.
Line 381: The property name _ExtentY in Adodc1 is invalid.
Line 382: The property name ConnectMode in Adodc1 is invalid.
Line 383: The property name CursorLocation in Adodc1 is invalid.
Line 384: The property name IsolationLevel in Adodc1 is invalid.
Line 385: The property name ConnectionTimeout in Adodc1 is invalid.
Line 386: The property name CommandTimeout in Adodc1 is invalid.
Line 387: The property name CursorType in Adodc1 is invalid.
Line 388: The property name LockType in Adodc1 is invalid.
Line 389: The property name CommandType in Adodc1 is invalid.
Line 390: The property name CursorOptions in Adodc1 is invalid.
Line 391: The property name CacheSize in Adodc1 is invalid.
Line 392: The property name MaxRecords in Adodc1 is invalid.
Line 393: The property name BOFAction in Adodc1 is invalid.
Line 394: The property name EOFAction in Adodc1 is invalid.
Line 395: The property name ConnectStringType in Adodc1 is invalid.
Line 399: The property name Orientation in Adodc1 is invalid.
Line 401: The property name Connect in Adodc1 is invalid.
Line 402: The property name OLEDBString in Adodc1 is invalid.
Line 403: The property name OLEDBFile in Adodc1 is invalid.
Line 404: The property name DataSourceName in Adodc1 is invalid.
Line 405: The property name OtherAttributes in Adodc1 is invalid.
Line 406: The property name UserName in Adodc1 is invalid.
Line 407: The property name Password in Adodc1 is invalid.
Line 408: The property name RecordSource in Adodc1 is invalid.
Line 409: The property name Caption in Adodc1 is invalid.
Line 419: The property name _Version in Adodc1 is invalid.
Line 427: The property name _ExtentX in ListView1 is invalid.
Line 428: The property name _ExtentY in ListView1 is invalid.
Line 429: The property name View in ListView1 is invalid.
Line 430: The property name LabelWrap in ListView1 is invalid.
Line 431: The property name HideSelection in ListView1 is invalid.
Line 432: The property name FullRowSelect in ListView1 is invalid.
Line 433: The property name GridLines in ListView1 is invalid.
Line 434: The property name _Version in ListView1 is invalid.
Line 439: The property name NumItems in ListView1 is invalid.
Line 443: The property name ColumnHeader(1) in ListView1 is invalid.
Line 448: The property name ColumnHeader(2) in ListView1 is invalid.
Line 453: The property name ColumnHeader(3) in ListView1 is invalid.
Line 458: The property name ColumnHeader(4) in ListView1 is invalid.
Line 463: The property name ColumnHeader(5) in ListView1 is invalid.
Line 468: The property name ColumnHeader(6) in ListView1 is invalid.
Line 473: The property name ColumnHeader(7) in ListView1 is invalid.
Line 478: The property name ColumnHeader(8) in ListView1 is invalid.
Line 483: The property name ColumnHeader(9) in ListView1 is invalid.
Line 488: The property name ColumnHeader(10) in ListView1 is invalid.
Line 493: The property name ColumnHeader(11) in ListView1 is invalid.
Line 498: The property name ColumnHeader(12) in ListView1 is invalid.
Line 502: The property name ColumnHeader(13) in ListView1 is invalid.
